Using pre-set license
Built from '2020.3/staging' branch; Version is '2020.3.22f1 (e1a7f79fd887) revision 14788599'; Using compiler version '192528614'; Build Type 'Release'
OS: 'Windows 10 Pro; OS build 19044.1766; Version 2009; 64bit' Language: 'ru' Physical Memory: 12205 MB
BatchMode: 1, IsHumanControllingUs: 0, StartBugReporterOnCrash: 0, Is64bit: 1, IsPro: 0

COMMAND LINE ARGUMENTS:
C:\Program Files\Unity\Hub\Editor\2020.3.22f1\Editor\Unity.exe
-adb2
-batchMode
-noUpm
-name
AssetImportWorker0
-projectPath
C:/Users/asayke/Documents/GitHub/PigsFarm/PigFerma
-logFile
Logs/AssetImportWorker0.log
-srvPort
49860
Successfully changed project path to: C:/Users/asayke/Documents/GitHub/PigsFarm/PigFerma
C:/Users/asayke/Documents/GitHub/PigsFarm/PigFerma
Using Asset Import Pipeline V2.
Refreshing native plugins compatible for Editor in 62.60 ms, found 3 plugins.
Preloading 0 native plugins for Editor in 0.00 ms.
Initialize engine version: 2020.3.22f1 (e1a7f79fd887)
[Subsystems] Discovering subsystems at path C:/Program Files/Unity/Hub/Editor/2020.3.22f1/Editor/Data/Resources/UnitySubsystems
[Subsystems] Discovering subsystems at path C:/Users/asayke/Documents/GitHub/PigsFarm/PigFerma/Assets
GfxDevice: creating device client; threaded=0
Direct3D:
    Version:  Direct3D 11.0 [level 11.1]
    Renderer: NVIDIA GeForce GTX 1060 6GB (ID=0x1c03)
    Vendor:   
    VRAM:     6052 MB
    Driver:   30.0.14.7196
Initialize mono
Mono path[0] = 'C:/Program Files/Unity/Hub/Editor/2020.3.22f1/Editor/Data/Managed'
Mono path[1] = 'C:/Program Files/Unity/Hub/Editor/2020.3.22f1/Editor/Data/MonoBleedingEdge/lib/mono/unityjit'
Mono config path = 'C:/Program Files/Unity/Hub/Editor/2020.3.22f1/Editor/Data/MonoBleedingEdge/etc'
Using monoOptions --debugger-agent=transport=dt_socket,embedding=1,server=y,suspend=n,address=127.0.0.1:56320
Begin MonoManager ReloadAssembly
Registering precompiled unity dll's ...
Register platform support module: C:/Program Files/Unity/Hub/Editor/2020.3.22f1/Editor/Data/PlaybackEngines/WindowsStandaloneSupport/UnityEditor.WindowsStandalone.Extensions.dll
Registered in 0.002677 seconds.
Native extension for WindowsStandalone target not found
Refreshing native plugins compatible for Editor in 62.01 ms, found 3 plugins.
Preloading 0 native plugins for Editor in 0.00 ms.
Mono: successfully reloaded assembly
- Completed reload, in  2.638 seconds
Domain Reload Profiling:
	ReloadAssembly (2639ms)
		BeginReloadAssembly (73ms)
			ExecutionOrderSort (0ms)
			DisableScriptedObjects (0ms)
			BackupInstance (0ms)
			ReleaseScriptingObjects (0ms)
			CreateAndSetChildDomain (1ms)
		EndReloadAssembly (653ms)
			LoadAssemblies (70ms)
			RebuildTransferFunctionScriptingTraits (0ms)
			SetupTypeCache (237ms)
			ReleaseScriptCaches (0ms)
			RebuildScriptCaches (46ms)
			SetupLoadedEditorAssemblies (239ms)
				LogAssemblyErrors (0ms)
				InitializePlatformSupportModulesInManaged (5ms)
				SetLoadedEditorAssemblies (0ms)
				RefreshPlugins (62ms)
				BeforeProcessingInitializeOnLoad (17ms)
				ProcessInitializeOnLoadAttributes (114ms)
				ProcessInitializeOnLoadMethodAttributes (40ms)
				AfterProcessingInitializeOnLoad (0ms)
				EditorAssembliesLoaded (0ms)
			ExecutionOrderSort2 (0ms)
			AwakeInstancesAfterBackupRestoration (0ms)
Platform modules already initialized, skipping
Registering precompiled user dll's ...
Registered in 0.006292 seconds.
Begin MonoManager ReloadAssembly
Native extension for WindowsStandalone target not found
Refreshing native plugins compatible for Editor in 94.70 ms, found 3 plugins.
Preloading 0 native plugins for Editor in 0.00 ms.
Mono: successfully reloaded assembly
- Completed reload, in  1.677 seconds
Domain Reload Profiling:
	ReloadAssembly (1678ms)
		BeginReloadAssembly (195ms)
			ExecutionOrderSort (0ms)
			DisableScriptedObjects (6ms)
			BackupInstance (0ms)
			ReleaseScriptingObjects (0ms)
			CreateAndSetChildDomain (22ms)
		EndReloadAssembly (1392ms)
			LoadAssemblies (151ms)
			RebuildTransferFunctionScriptingTraits (0ms)
			SetupTypeCache (423ms)
			ReleaseScriptCaches (1ms)
			RebuildScriptCaches (74ms)
			SetupLoadedEditorAssemblies (574ms)
				LogAssemblyErrors (0ms)
				InitializePlatformSupportModulesInManaged (10ms)
				SetLoadedEditorAssemblies (1ms)
				RefreshPlugins (95ms)
				BeforeProcessingInitializeOnLoad (111ms)
				ProcessInitializeOnLoadAttributes (328ms)
				ProcessInitializeOnLoadMethodAttributes (21ms)
				AfterProcessingInitializeOnLoad (9ms)
				EditorAssembliesLoaded (0ms)
			ExecutionOrderSort2 (0ms)
			AwakeInstancesAfterBackupRestoration (9ms)
Platform modules already initialized, skipping
========================================================================
Worker process is ready to serve import requests
Launched and connected shader compiler UnityShaderCompiler.exe after 0.10 seconds
Refreshing native plugins compatible for Editor in 0.70 ms, found 3 plugins.
Preloading 0 native plugins for Editor in 0.00 ms.
Unloading 2182 Unused Serialized files (Serialized files now loaded: 0)
System memory in use before: 95.4 MB.
System memory in use after: 95.5 MB.

Unloading 28 unused Assets to reduce memory usage. Loaded Objects now: 2615.
Total: 3.625200 ms (FindLiveObjects: 0.210700 ms CreateObjectMapping: 0.085200 ms MarkObjects: 3.243800 ms  DeleteObjects: 0.083800 ms)

AssetImportParameters requested are different than current active one (requested -> active):
  custom:framework-win-MediaFoundation: 216162199b28c13a410421893ffa2e32 -> 
  custom:video-decoder-ogg-theora: a1e56fd34408186e4bbccfd4996cb3dc -> 
  custom:container-muxer-webm: aa71ff27fc2769a1b78a27578f13a17b -> 
  custom:container-demuxer-webm: 4f35f7cbe854078d1ac9338744f61a02 -> 
  custom:container-demuxer-ogg: 62fdf1f143b41e24485cea50d1cbac27 -> 
  custom:video-encoder-webm-vp8: eb34c28f22e8b96e1ab97ce403110664 -> 
  custom:video-decoder-webm-vp8: 9c59270c3fd7afecdb556c50c9e8de78 -> 
  custom:audio-decoder-ogg-vorbis: bf7c407c2cedff20999df2af8eb42d56 -> 
  custom:audio-encoder-webm-vorbis: bf7c407c2cedff20999df2af8eb42d56 -> 
========================================================================
Received Import Request.
  path: Assets
  artifactKey: Guid(00000000000000001000000000000000) Importer(815301076,1909f56bfc062723c751e8b465ee728b)
Start importing Assets using Guid(00000000000000001000000000000000) Importer(815301076,1909f56bfc062723c751e8b465ee728b)  -> (artifact id: '42d402b061de3733987d63b9cc3b64de') in 0.026550 seconds 
  Import took 0.030482 seconds .

========================================================================
Received Import Request.
  Time since last request: 1.630766 seconds.
  path: Assets/Sprites
  artifactKey: Guid(35411cf23c50ff4499eb6d417e9179c3) Importer(815301076,1909f56bfc062723c751e8b465ee728b)
Start importing Assets/Sprites using Guid(35411cf23c50ff4499eb6d417e9179c3) Importer(815301076,1909f56bfc062723c751e8b465ee728b)  -> (artifact id: 'c5422cfd1e69c1e3268420c09d564210') in 0.027003 seconds 
  Import took 0.031483 seconds .

========================================================================
Received Import Request.
  Time since last request: 4.725083 seconds.
  path: Assets/Scriptrs
  artifactKey: Guid(c926bcd2fec57184c82f850989e77061) Importer(815301076,1909f56bfc062723c751e8b465ee728b)
Start importing Assets/Scriptrs using Guid(c926bcd2fec57184c82f850989e77061) Importer(815301076,1909f56bfc062723c751e8b465ee728b)  -> (artifact id: '7561586bb8bafd9eb9dbe2c0a68be48f') in 0.026144 seconds 
  Import took 0.031146 seconds .

========================================================================
Received Import Request.
  Time since last request: 8.240065 seconds.
  path: Assets/Scripts
  artifactKey: Guid(c926bcd2fec57184c82f850989e77061) Importer(815301076,1909f56bfc062723c751e8b465ee728b)
Start importing Assets/Scripts using Guid(c926bcd2fec57184c82f850989e77061) Importer(815301076,1909f56bfc062723c751e8b465ee728b)  -> (artifact id: 'fdeeb9f005c5e45b1cf74adfc1436a70') in 0.008286 seconds 
  Import took 0.012237 seconds .

========================================================================
Received Import Request.
  Time since last request: 42.017655 seconds.
  path: Assets/Sprites/bomb.png
  artifactKey: Guid(dcebe1a3a067d91429ab996a69abbc60) Importer(815301076,1909f56bfc062723c751e8b465ee728b)
Start importing Assets/Sprites/bomb.png using Guid(dcebe1a3a067d91429ab996a69abbc60) Importer(815301076,1909f56bfc062723c751e8b465ee728b)  -> (artifact id: '1c371c9f4955c25cc0a9326f682598b4') in 0.179305 seconds 
  Import took 0.184346 seconds .

========================================================================
Received Import Request.
  Time since last request: 0.000410 seconds.
  path: Assets/Sprites/farmer_angry.png
  artifactKey: Guid(58dbf42c0521adb4a90d106ae7243877) Importer(815301076,1909f56bfc062723c751e8b465ee728b)
Start importing Assets/Sprites/farmer_angry.png using Guid(58dbf42c0521adb4a90d106ae7243877) Importer(815301076,1909f56bfc062723c751e8b465ee728b)  -> (artifact id: 'cc130520d5918037223321225fc9c4d0') in 0.058957 seconds 
  Import took 0.062836 seconds .

========================================================================
Received Import Request.
  Time since last request: 0.000203 seconds.
  path: Assets/Sprites/dog_angry.png
  artifactKey: Guid(7088af579c1882940b47332355999a22) Importer(815301076,1909f56bfc062723c751e8b465ee728b)
Start importing Assets/Sprites/dog_angry.png using Guid(7088af579c1882940b47332355999a22) Importer(815301076,1909f56bfc062723c751e8b465ee728b)  -> (artifact id: 'a5c54f7f86d53044448e04c2ce527514') in 0.031236 seconds 
  Import took 0.036067 seconds .

========================================================================
Received Import Request.
  Time since last request: 0.000247 seconds.
  path: Assets/Sprites/grid.png
  artifactKey: Guid(522859af01b84164b9d955f1a9472fc4) Importer(815301076,1909f56bfc062723c751e8b465ee728b)
Start importing Assets/Sprites/grid.png using Guid(522859af01b84164b9d955f1a9472fc4) Importer(815301076,1909f56bfc062723c751e8b465ee728b)  -> (artifact id: '7ef0a7a6b11fb3a85a80b621e32406db') in 0.031719 seconds 
  Import took 0.036293 seconds .

========================================================================
Received Import Request.
  Time since last request: 0.000204 seconds.
  path: Assets/Sprites/farmer.png
  artifactKey: Guid(2194722da13c887498fa1972639dd3d8) Importer(815301076,1909f56bfc062723c751e8b465ee728b)
Start importing Assets/Sprites/farmer.png using Guid(2194722da13c887498fa1972639dd3d8) Importer(815301076,1909f56bfc062723c751e8b465ee728b)  -> (artifact id: '905d861624bf010d9d3b941da589a7bc') in 0.026875 seconds 
  Import took 0.031276 seconds .

========================================================================
Received Import Request.
  Time since last request: 0.000201 seconds.
  path: Assets/Sprites/dog_dirty.png
  artifactKey: Guid(6deed48ba7acb0041a60967c4af111be) Importer(815301076,1909f56bfc062723c751e8b465ee728b)
Start importing Assets/Sprites/dog_dirty.png using Guid(6deed48ba7acb0041a60967c4af111be) Importer(815301076,1909f56bfc062723c751e8b465ee728b)  -> (artifact id: '631f248f0105cc06120f49a2f7fba2de') in 0.026257 seconds 
  Import took 0.030118 seconds .

========================================================================
Received Import Request.
  Time since last request: 0.000224 seconds.
  path: Assets/Sprites/level.png
  artifactKey: Guid(eeecbbe0249bc0442b43c6500d03a4f6) Importer(815301076,1909f56bfc062723c751e8b465ee728b)
Start importing Assets/Sprites/level.png using Guid(eeecbbe0249bc0442b43c6500d03a4f6) Importer(815301076,1909f56bfc062723c751e8b465ee728b)  -> (artifact id: '262dc6d91b3c507430ba8b542d1bef3d') in 0.038118 seconds 
  Import took 0.041782 seconds .

========================================================================
Received Import Request.
  Time since last request: 0.000228 seconds.
  path: Assets/Sprites/farmer_dirty.png
  artifactKey: Guid(935962393b0b531479cd8f729fdaed60) Importer(815301076,1909f56bfc062723c751e8b465ee728b)
Start importing Assets/Sprites/farmer_dirty.png using Guid(935962393b0b531479cd8f729fdaed60) Importer(815301076,1909f56bfc062723c751e8b465ee728b)  -> (artifact id: 'b3f836f7b2bbd1b18fe05c23ec5da364') in 0.041138 seconds 
  Import took 0.044994 seconds .

========================================================================
Received Import Request.
  Time since last request: 0.000190 seconds.
  path: Assets/Sprites/pig.png
  artifactKey: Guid(90d9f835daec75e46b960a11926a770f) Importer(815301076,1909f56bfc062723c751e8b465ee728b)
Start importing Assets/Sprites/pig.png using Guid(90d9f835daec75e46b960a11926a770f) Importer(815301076,1909f56bfc062723c751e8b465ee728b)  -> (artifact id: '772ffde0178d0c83c321b26bb910e788') in 0.021974 seconds 
  Import took 0.025766 seconds .

========================================================================
Received Import Request.
  Time since last request: 0.000206 seconds.
  path: Assets/Sprites/dog.png
  artifactKey: Guid(3f48b41fe6495514e9e655a76d15f92b) Importer(815301076,1909f56bfc062723c751e8b465ee728b)
Start importing Assets/Sprites/dog.png using Guid(3f48b41fe6495514e9e655a76d15f92b) Importer(815301076,1909f56bfc062723c751e8b465ee728b)  -> (artifact id: '232049c4423295635ce78bf0516933fb') in 0.023345 seconds 
  Import took 0.028512 seconds .

========================================================================
Received Import Request.
  Time since last request: 0.000199 seconds.
  path: Assets/Sprites/stone.png
  artifactKey: Guid(5171fd4337a88e3469f117a78b1ea6c8) Importer(815301076,1909f56bfc062723c751e8b465ee728b)
Start importing Assets/Sprites/stone.png using Guid(5171fd4337a88e3469f117a78b1ea6c8) Importer(815301076,1909f56bfc062723c751e8b465ee728b)  -> (artifact id: '2e611fed64c93c7923bfad00aac2aef3') in 0.020572 seconds 
  Import took 0.024510 seconds .

========================================================================
Received Prepare
Registering precompiled user dll's ...
Registered in 0.006034 seconds.
Begin MonoManager ReloadAssembly
Native extension for WindowsStandalone target not found
Refreshing native plugins compatible for Editor in 0.71 ms, found 3 plugins.
Preloading 0 native plugins for Editor in 0.00 ms.
Mono: successfully reloaded assembly
- Completed reload, in  1.489 seconds
Domain Reload Profiling:
	ReloadAssembly (1490ms)
		BeginReloadAssembly (177ms)
			ExecutionOrderSort (0ms)
			DisableScriptedObjects (8ms)
			BackupInstance (0ms)
			ReleaseScriptingObjects (0ms)
			CreateAndSetChildDomain (52ms)
		EndReloadAssembly (1215ms)
			LoadAssemblies (148ms)
			RebuildTransferFunctionScriptingTraits (0ms)
			SetupTypeCache (424ms)
			ReleaseScriptCaches (1ms)
			RebuildScriptCaches (65ms)
			SetupLoadedEditorAssemblies (420ms)
				LogAssemblyErrors (0ms)
				InitializePlatformSupportModulesInManaged (6ms)
				SetLoadedEditorAssemblies (1ms)
				RefreshPlugins (1ms)
				BeforeProcessingInitializeOnLoad (124ms)
				ProcessInitializeOnLoadAttributes (264ms)
				ProcessInitializeOnLoadMethodAttributes (15ms)
				AfterProcessingInitializeOnLoad (9ms)
				EditorAssembliesLoaded (0ms)
			ExecutionOrderSort2 (0ms)
			AwakeInstancesAfterBackupRestoration (12ms)
Platform modules already initialized, skipping
Switching build target platform(19) subTarget(0) extendedPlatform(0) -> platform(13) subTarget(537395200) extendedPlatform(0)
Refreshing native plugins compatible for Editor in 0.78 ms, found 3 plugins.
Preloading 0 native plugins for Editor in 0.00 ms.
Unloading 2175 Unused Serialized files (Serialized files now loaded: 0)
System memory in use before: 97.7 MB.
System memory in use after: 97.9 MB.

Unloading 17 unused Assets to reduce memory usage. Loaded Objects now: 2631.
Total: 4.237700 ms (FindLiveObjects: 0.233400 ms CreateObjectMapping: 0.115300 ms MarkObjects: 3.858900 ms  DeleteObjects: 0.028200 ms)

AssetImportParameters requested are different than current active one (requested -> active):
  custom:framework-win-MediaFoundation: 216162199b28c13a410421893ffa2e32 -> 
  custom:video-decoder-ogg-theora: a1e56fd34408186e4bbccfd4996cb3dc -> 
  custom:container-muxer-webm: aa71ff27fc2769a1b78a27578f13a17b -> 
  custom:container-demuxer-webm: 4f35f7cbe854078d1ac9338744f61a02 -> 
  custom:container-demuxer-ogg: 62fdf1f143b41e24485cea50d1cbac27 -> 
  custom:video-encoder-webm-vp8: eb34c28f22e8b96e1ab97ce403110664 -> 
  custom:video-decoder-webm-vp8: 9c59270c3fd7afecdb556c50c9e8de78 -> 
  custom:graphics/normal-map-encoding: 01000000000000000000000000000000 -> 02000000000000000000000000000000
  custom:audio-decoder-ogg-vorbis: bf7c407c2cedff20999df2af8eb42d56 -> 
  custom:audio-encoder-webm-vorbis: bf7c407c2cedff20999df2af8eb42d56 -> 
========================================================================
Received Prepare
Refreshing native plugins compatible for Editor in 6.00 ms, found 3 plugins.
Preloading 0 native plugins for Editor in 0.00 ms.
Unloading 15 Unused Serialized files (Serialized files now loaded: 0)
System memory in use before: 55.1 MB.
System memory in use after: 55.2 MB.

Unloading 15 unused Assets to reduce memory usage. Loaded Objects now: 2631.
Total: 4.094900 ms (FindLiveObjects: 0.213500 ms CreateObjectMapping: 0.082500 ms MarkObjects: 3.776300 ms  DeleteObjects: 0.021400 ms)

AssetImportParameters requested are different than current active one (requested -> active):
  custom:framework-win-MediaFoundation: 216162199b28c13a410421893ffa2e32 -> 
  custom:video-decoder-ogg-theora: a1e56fd34408186e4bbccfd4996cb3dc -> 
  custom:container-muxer-webm: aa71ff27fc2769a1b78a27578f13a17b -> 
  custom:container-demuxer-webm: 4f35f7cbe854078d1ac9338744f61a02 -> 
  custom:container-demuxer-ogg: 62fdf1f143b41e24485cea50d1cbac27 -> 
  custom:video-encoder-webm-vp8: eb34c28f22e8b96e1ab97ce403110664 -> 
  custom:video-decoder-webm-vp8: 9c59270c3fd7afecdb556c50c9e8de78 -> 
  custom:audio-decoder-ogg-vorbis: bf7c407c2cedff20999df2af8eb42d56 -> 
  custom:audio-encoder-webm-vorbis: bf7c407c2cedff20999df2af8eb42d56 -> 
========================================================================
Received Import Request.
  Time since last request: 115.905769 seconds.
  path: Assets/Sprites/farmer_angry.png
  artifactKey: Guid(58dbf42c0521adb4a90d106ae7243877) Importer(815301076,1909f56bfc062723c751e8b465ee728b)
Start importing Assets/Sprites/farmer_angry.png using Guid(58dbf42c0521adb4a90d106ae7243877) Importer(815301076,1909f56bfc062723c751e8b465ee728b)  -> (artifact id: 'c2d55146d311bdc70c53ba07db9a098a') in 0.073096 seconds 
  Import took 0.077908 seconds .

========================================================================
Received Import Request.
  Time since last request: 0.000249 seconds.
  path: Assets/Sprites/dog_angry.png
  artifactKey: Guid(7088af579c1882940b47332355999a22) Importer(815301076,1909f56bfc062723c751e8b465ee728b)
Start importing Assets/Sprites/dog_angry.png using Guid(7088af579c1882940b47332355999a22) Importer(815301076,1909f56bfc062723c751e8b465ee728b)  -> (artifact id: 'b6bebfc30910973106f151553ce59848') in 0.065893 seconds 
  Import took 0.069850 seconds .

========================================================================
Received Import Request.
  Time since last request: 0.000207 seconds.
  path: Assets/Sprites/grid.png
  artifactKey: Guid(522859af01b84164b9d955f1a9472fc4) Importer(815301076,1909f56bfc062723c751e8b465ee728b)
Start importing Assets/Sprites/grid.png using Guid(522859af01b84164b9d955f1a9472fc4) Importer(815301076,1909f56bfc062723c751e8b465ee728b)  -> (artifact id: 'f56064bbbf8d830ca80656fe7667ee64') in 0.026063 seconds 
  Import took 0.030627 seconds .

========================================================================
Received Import Request.
  Time since last request: 0.000222 seconds.
  path: Assets/Sprites/farmer.png
  artifactKey: Guid(2194722da13c887498fa1972639dd3d8) Importer(815301076,1909f56bfc062723c751e8b465ee728b)
Start importing Assets/Sprites/farmer.png using Guid(2194722da13c887498fa1972639dd3d8) Importer(815301076,1909f56bfc062723c751e8b465ee728b)  -> (artifact id: '3182236ce4bb40d95faa8ad673e93e16') in 0.059131 seconds 
  Import took 0.064105 seconds .

========================================================================
Received Import Request.
  Time since last request: 0.000289 seconds.
  path: Assets/Sprites/bomb.png
  artifactKey: Guid(dcebe1a3a067d91429ab996a69abbc60) Importer(815301076,1909f56bfc062723c751e8b465ee728b)
Start importing Assets/Sprites/bomb.png using Guid(dcebe1a3a067d91429ab996a69abbc60) Importer(815301076,1909f56bfc062723c751e8b465ee728b)  -> (artifact id: '1436b84f086e8333b0cbded5e5119f25') in 0.019060 seconds 
  Import took 0.023160 seconds .

========================================================================
Received Import Request.
  Time since last request: 0.000294 seconds.
  path: Assets/Sprites/dog_dirty.png
  artifactKey: Guid(6deed48ba7acb0041a60967c4af111be) Importer(815301076,1909f56bfc062723c751e8b465ee728b)
Start importing Assets/Sprites/dog_dirty.png using Guid(6deed48ba7acb0041a60967c4af111be) Importer(815301076,1909f56bfc062723c751e8b465ee728b)  -> (artifact id: '57733477d7a73f8a0ca0559a9e661aa4') in 0.061744 seconds 
  Import took 0.066408 seconds .

========================================================================
Received Import Request.
  Time since last request: 0.000209 seconds.
  path: Assets/Sprites/level.png
  artifactKey: Guid(eeecbbe0249bc0442b43c6500d03a4f6) Importer(815301076,1909f56bfc062723c751e8b465ee728b)
Start importing Assets/Sprites/level.png using Guid(eeecbbe0249bc0442b43c6500d03a4f6) Importer(815301076,1909f56bfc062723c751e8b465ee728b)  -> (artifact id: '8aaff1273267893a022140f66c99b5f7') in 0.025406 seconds 
  Import took 0.029671 seconds .

========================================================================
Received Import Request.
  Time since last request: 0.000200 seconds.
  path: Assets/Sprites/farmer_dirty.png
  artifactKey: Guid(935962393b0b531479cd8f729fdaed60) Importer(815301076,1909f56bfc062723c751e8b465ee728b)
Start importing Assets/Sprites/farmer_dirty.png using Guid(935962393b0b531479cd8f729fdaed60) Importer(815301076,1909f56bfc062723c751e8b465ee728b)  -> (artifact id: '315bdcf0218751bd8e5e713c23b4c2d8') in 0.043066 seconds 
  Import took 0.047850 seconds .

========================================================================
Received Import Request.
  Time since last request: 0.000249 seconds.
  path: Assets/Sprites/pig.png
  artifactKey: Guid(90d9f835daec75e46b960a11926a770f) Importer(815301076,1909f56bfc062723c751e8b465ee728b)
Start importing Assets/Sprites/pig.png using Guid(90d9f835daec75e46b960a11926a770f) Importer(815301076,1909f56bfc062723c751e8b465ee728b)  -> (artifact id: 'ac48d8bdc27815c6c8b16f4e5bb2ff5d') in 0.057605 seconds 
  Import took 0.061898 seconds .

========================================================================
Received Import Request.
  Time since last request: 0.000210 seconds.
  path: Assets/Sprites/dog.png
  artifactKey: Guid(3f48b41fe6495514e9e655a76d15f92b) Importer(815301076,1909f56bfc062723c751e8b465ee728b)
Start importing Assets/Sprites/dog.png using Guid(3f48b41fe6495514e9e655a76d15f92b) Importer(815301076,1909f56bfc062723c751e8b465ee728b)  -> (artifact id: 'e4dfeea6700e93359c3d6a249e65089b') in 0.057626 seconds 
  Import took 0.061518 seconds .

========================================================================
Received Import Request.
  Time since last request: 0.000202 seconds.
  path: Assets/Sprites/stone.png
  artifactKey: Guid(5171fd4337a88e3469f117a78b1ea6c8) Importer(815301076,1909f56bfc062723c751e8b465ee728b)
Start importing Assets/Sprites/stone.png using Guid(5171fd4337a88e3469f117a78b1ea6c8) Importer(815301076,1909f56bfc062723c751e8b465ee728b)  -> (artifact id: '8f243c6c532d7b8496e1a5894b25f45d') in 0.023130 seconds 
  Import took 0.027423 seconds .

========================================================================
Received Import Request.
  Time since last request: 24.627279 seconds.
  path: Assets/Scenes/SampleScene.unity
  artifactKey: Guid(2cda990e2423bbf4892e6590ba056729) Importer(815301076,1909f56bfc062723c751e8b465ee728b)
Start importing Assets/Scenes/SampleScene.unity using Guid(2cda990e2423bbf4892e6590ba056729) Importer(815301076,1909f56bfc062723c751e8b465ee728b)  -> (artifact id: 'aa27944bdea339c97c39027c7eea529c') in 0.008853 seconds 
  Import took 0.013676 seconds .

========================================================================
Received Import Request.
  Time since last request: 45.758875 seconds.
  path: Assets/Scenes/GameScene.unity
  artifactKey: Guid(2cda990e2423bbf4892e6590ba056729) Importer(815301076,1909f56bfc062723c751e8b465ee728b)
Start importing Assets/Scenes/GameScene.unity using Guid(2cda990e2423bbf4892e6590ba056729) Importer(815301076,1909f56bfc062723c751e8b465ee728b)  -> (artifact id: 'd84ec865cfaf3bf13acd15927523344c') in 0.012575 seconds 
  Import took 0.016881 seconds .

========================================================================
Received Import Request.
  Time since last request: 944.079263 seconds.
  path: Assets/Prefabs
  artifactKey: Guid(dfe4243791642504eaa7d6baec556063) Importer(815301076,1909f56bfc062723c751e8b465ee728b)
Start importing Assets/Prefabs using Guid(dfe4243791642504eaa7d6baec556063) Importer(815301076,1909f56bfc062723c751e8b465ee728b)  -> (artifact id: '5e33dc592895ea3ceb634286de28d969') in 0.009477 seconds 
  Import took 0.014700 seconds .

